[周日 2026/03/08 23:00:01.21] === 开始每日上传 (260308) === 
[main 5b9d2b0] 每日上传 260308 - 林喜
 1 file changed, 1 insertion(+)
 create mode 100644 .longmen/auto_push.log
To https://github.com/linxi2916/longmen-ta-linxi.git
   eaf11ad..5b9d2b0  main -> main
[周日 2026/03/08 23:00:06.59] 上传成功 
[周一 2026/03/09 23:00:02.17] === 开始每日上传 (260309) === 
warning: in the working copy of '.longmen/auto_push.log', LF will be replaced by CRLF the next time Git touches it
[main e6a1ca4] 每日上传 260309 - 林喜
 1 file changed, 7 insertions(+)
To https://github.com/linxi2916/longmen-ta-linxi.git
   5b9d2b0..e6a1ca4  main -> main
[周一 2026/03/09 23:00:10.40] 上传成功 
[周二 2026/03/10 23:03:49.78] === 开始每日上传 (260310) === 
warning: in the working copy of '.longmen/auto_push.log', LF will be replaced by CRLF the next time Git touches it
[main 585aaa8] 每日上传 260310 - 林喜
 1 file changed, 7 insertions(+)
To https://github.com/linxi2916/longmen-ta-linxi.git
   e6a1ca4..585aaa8  main -> main
[周二 2026/03/10 23:03:58.52] 上传成功 
[周三 2026/03/11 23:00:02.55] === 开始每日上传 (260311) === 
warning: in the working copy of '.longmen/auto_push.log', LF will be replaced by CRLF the next time Git touches it
[main 1c510eb] 每日上传 260311 - 林喜
 1 file changed, 7 insertions(+)
To https://github.com/linxi2916/longmen-ta-linxi.git
   585aaa8..1c510eb  main -> main
[周三 2026/03/11 23:00:08.89] 上传成功 
[周四 2026/03/12 23:00:02.57] === 开始每日上传 (260312) === 
